# JRE version: Java(TM) SE Runtime Environment (8.0_111-b14) (build 1.8.0_111-b14)
# Java VM: Java HotSpot(TM) Client VM (25.111-b14 mixed mode windows-x86 )
Heap:
 def new generation   total 8384K, used 7122K [0x03e00000, 0x04710000, 0x09350000)
  eden space 7488K,  95% used [0x03e00000, 0x044f4a10, 0x04550000)
  from space 896K,   0% used [0x04630000, 0x04630000, 0x04710000)
  to   space 896K,   0% used [0x04550000, 0x04550000, 0x04630000)
 tenured generation   total 18456K, used 8142K [0x09350000, 0x0a556000, 0x13e00000)
   the space 18456K,  44% used [0x09350000, 0x09b439f0, 0x09b43a00, 0x0a556000)
 Metaspace       used 12142K, capacity 12499K, committed 12544K, reserved 12672K
GC Heap History (10 events):
Event: 1.886 GC heap before
{Heap before GC invocations=17 (full 3):
 def new generation   total 8384K, used 8232K [0x03e00000, 0x04710000, 0x09350000)
  eden space 7488K, 100% used [0x03e00000, 0x04550000, 0x04550000)
  from space 896K,  83% used [0x04630000, 0x046ea398, 0x04710000)
  to   space 896K,   0% used [0x04550000, 0x04550000, 0x04630000)
 tenured generation   total 18456K, used 13896K [0x09350000, 0x0a556000, 0x13e00000)
   the space 18456K,  75% used [0x09350000, 0x0a0e21f0, 0x0a0e2200, 0x0a556000)
 Metaspace       used 11952K, capacity 12270K, committed 12288K, reserved 12672K
Event: 1.889 GC heap after
Heap after GC invocations=18 (full 3):
 def new generation   total 8384K, used 731K [0x03e00000, 0x04710000, 0x09350000)
  eden space 7488K,   0% used [0x03e00000, 0x03e00000, 0x04550000)
  from space 896K,  81% used [0x04550000, 0x04606ef8, 0x04630000)
  to   space 896K,   0% used [0x04630000, 0x04630000, 0x04710000)
 tenured generation   total 18456K, used 14624K [0x09350000, 0x0a556000, 0x13e00000)
   the space 18456K,  79% used [0x09350000, 0x0a198130, 0x0a198200, 0x0a556000)
 Metaspace       used 11952K, capacity 12270K, committed 12288K, reserved 12672K
}
Event: 1.909 GC heap before
{Heap before GC invocations=18 (full 3):
 def new generation   total 8384K, used 8219K [0x03e00000, 0x04710000, 0x09350000)
  eden space 7488K, 100% used [0x03e00000, 0x04550000, 0x04550000)
  from space 896K,  81% used [0x04550000, 0x04606ef8, 0x04630000)
  to   space 896K,   0% used [0x04630000, 0x04630000, 0x04710000)
 tenured generation   total 18456K, used 14624K [0x09350000, 0x0a556000, 0x13e00000)
   the space 18456K,  79% used [0x09350000, 0x0a198130, 0x0a198200, 0x0a556000)
 Metaspace       used 11952K, capacity 12270K, committed 12288K, reserved 12672K
Event: 1.912 GC heap after
Heap after GC invocations=19 (full 3):
 def new generation   total 8384K, used 719K [0x03e00000, 0x04710000, 0x09350000)
  eden space 7488K,   0% used [0x03e00000, 0x03e00000, 0x04550000)
  from space 896K,  80% used [0x04630000, 0x046e3d90, 0x04710000)
  to   space 896K,   0% used [0x04550000, 0x04550000, 0x04630000)
 tenured generation   total 18456K, used 15317K [0x09350000, 0x0a556000, 0x13e00000)
   the space 18456K,  82% used [0x09350000, 0x0a245668, 0x0a245800, 0x0a556000)
 Metaspace       used 11952K, capacity 12270K, committed 12288K, reserved 12672K
}
Event: 1.932 GC heap before
{Heap before GC invocations=19 (full 3):
 def new generation   total 8384K, used 8207K [0x03e00000, 0x04710000, 0x09350000)
  eden space 7488K, 100% used [0x03e00000, 0x04550000, 0x04550000)
  from space 896K,  80% used [0x04630000, 0x046e3d90, 0x04710000)
  to   space 896K,   0% used [0x04550000, 0x04550000, 0x04630000)
 tenured generation   total 18456K, used 15317K [0x09350000, 0x0a556000, 0x13e00000)
   the space 18456K,  82% used [0x09350000, 0x0a245668, 0x0a245800, 0x0a556000)
 Metaspace       used 11952K, capacity 12270K, committed 12288K, reserved 12672K
Event: 1.935 GC heap after
Heap after GC invocations=20 (full 3):
 def new generation   total 8384K, used 722K [0x03e00000, 0x04710000, 0x09350000)
  eden space 7488K,   0% used [0x03e00000, 0x03e00000, 0x04550000)
  from space 896K,  80% used [0x04550000, 0x04604b68, 0x04630000)
  to   space 896K,   0% used [0x04630000, 0x04630000, 0x04710000)
 tenured generation   total 18456K, used 16004K [0x09350000, 0x0a556000, 0x13e00000)
   the space 18456K,  86% used [0x09350000, 0x0a2f1060, 0x0a2f1200, 0x0a556000)
 Metaspace       used 11952K, capacity 12270K, committed 12288K, reserved 12672K
}
Event: 1.955 GC heap before
{Heap before GC invocations=20 (full 3):
 def new generation   total 8384K, used 8210K [0x03e00000, 0x04710000, 0x09350000)
  eden space 7488K, 100% used [0x03e00000, 0x04550000, 0x04550000)
  from space 896K,  80% used [0x04550000, 0x04604b68, 0x04630000)
  to   space 896K,   0% used [0x04630000, 0x04630000, 0x04710000)
 tenured generation   total 18456K, used 16004K [0x09350000, 0x0a556000, 0x13e00000)
   the space 18456K,  86% used [0x09350000, 0x0a2f1060, 0x0a2f1200, 0x0a556000)
 Metaspace       used 11952K, capacity 12270K, committed 12288K, reserved 12672K
Event: 1.958 GC heap after
Heap after GC invocations=21 (full 3):
 def new generation   total 8384K, used 719K [0x03e00000, 0x04710000, 0x09350000)
  eden space 7488K,   0% used [0x03e00000, 0x03e00000, 0x04550000)
  from space 896K,  80% used [0x04630000, 0x046e3dc0, 0x04710000)
  to   space 896K,   0% used [0x04550000, 0x04550000, 0x04630000)
 tenured generation   total 18456K, used 16693K [0x09350000, 0x0a556000, 0x13e00000)
   the space 18456K,  90% used [0x09350000, 0x0a39d6f0, 0x0a39d800, 0x0a556000)
 Metaspace       used 11952K, capacity 12270K, committed 12288K, reserved 12672K
}
Event: 2.928 GC heap before
{Heap before GC invocations=21 (full 3):
 def new generation   total 8384K, used 3229K [0x03e00000, 0x04710000, 0x09350000)
  eden space 7488K,  33% used [0x03e00000, 0x04073a18, 0x04550000)
  from space 896K,  80% used [0x04630000, 0x046e3dc0, 0x04710000)
  to   space 896K,   0% used [0x04550000, 0x04550000, 0x04630000)
 tenured generation   total 18456K, used 16693K [0x09350000, 0x0a556000, 0x13e00000)
   the space 18456K,  90% used [0x09350000, 0x0a39d6f0, 0x0a39d800, 0x0a556000)
 Metaspace       used 11960K, capacity 12277K, committed 12288K, reserved 12672K
Event: 2.946 GC heap after
Heap after GC invocations=22 (full 4):
 def new generation   total 8384K, used 0K [0x03e00000, 0x04710000, 0x09350000)
  eden space 7488K,   0% used [0x03e00000, 0x03e00000, 0x04550000)
  from space 896K,   0% used [0x04630000, 0x04630000, 0x04710000)
  to   space 896K,   0% used [0x04550000, 0x04550000, 0x04630000)
 tenured generation   total 18456K, used 8142K [0x09350000, 0x0a556000, 0x13e00000)
   the space 18456K,  44% used [0x09350000, 0x09b439f0, 0x09b43a00, 0x0a556000)
 Metaspace       used 11960K, capacity 12277K, committed 12288K, reserved 12672K
}

