# JRE version: Java(TM) SE Runtime Environment (8.0_111-b14) (build 1.8.0_111-b14)
# Java VM: Java HotSpot(TM) Client VM (25.111-b14 mixed mode windows-x86 )
Heap:
 def new generation   total 10368K, used 987K [0x03c00000, 0x04730000, 0x09150000)
  eden space 9280K,  10% used [0x03c00000, 0x03cf6f70, 0x04510000)
  from space 1088K,   0% used [0x04510000, 0x04510000, 0x04620000)
  to   space 1088K,   0% used [0x04620000, 0x04620000, 0x04730000)
 tenured generation   total 22784K, used 8198K [0x09150000, 0x0a790000, 0x13c00000)
   the space 22784K,  35% used [0x09150000, 0x09951b20, 0x09951c00, 0x0a790000)
 Metaspace       used 12260K, capacity 12621K, committed 12800K, reserved 13696K
GC Heap History (10 events):
Event: 44.829 GC heap before
{Heap before GC invocations=22 (full 7):
 def new generation   total 10368K, used 9280K [0x03c00000, 0x04730000, 0x09150000)
  eden space 9280K, 100% used [0x03c00000, 0x04510000, 0x04510000)
  from space 1088K,   0% used [0x04510000, 0x04510000, 0x04620000)
  to   space 1088K,   0% used [0x04620000, 0x04620000, 0x04730000)
 tenured generation   total 22784K, used 13670K [0x09150000, 0x0a790000, 0x13c00000)
   the space 22784K,  59% used [0x09150000, 0x09ea98a0, 0x09ea9a00, 0x0a790000)
 Metaspace       used 12176K, capacity 12537K, committed 12672K, reserved 12672K
Event: 44.832 GC heap after
Heap after GC invocations=23 (full 7):
 def new generation   total 10368K, used 892K [0x03c00000, 0x04730000, 0x09150000)
  eden space 9280K,   0% used [0x03c00000, 0x03c00000, 0x04510000)
  from space 1088K,  82% used [0x04620000, 0x046ff198, 0x04730000)
  to   space 1088K,   0% used [0x04510000, 0x04510000, 0x04620000)
 tenured generation   total 22784K, used 13670K [0x09150000, 0x0a790000, 0x13c00000)
   the space 22784K,  59% used [0x09150000, 0x09ea98a0, 0x09ea9a00, 0x0a790000)
 Metaspace       used 12176K, capacity 12537K, committed 12672K, reserved 12672K
}
Event: 44.859 GC heap before
{Heap before GC invocations=23 (full 7):
 def new generation   total 10368K, used 10172K [0x03c00000, 0x04730000, 0x09150000)
  eden space 9280K, 100% used [0x03c00000, 0x04510000, 0x04510000)
  from space 1088K,  82% used [0x04620000, 0x046ff198, 0x04730000)
  to   space 1088K,   0% used [0x04510000, 0x04510000, 0x04620000)
 tenured generation   total 22784K, used 13670K [0x09150000, 0x0a790000, 0x13c00000)
   the space 22784K,  59% used [0x09150000, 0x09ea98a0, 0x09ea9a00, 0x0a790000)
 Metaspace       used 12176K, capacity 12537K, committed 12672K, reserved 12672K
Event: 44.862 GC heap after
Heap after GC invocations=24 (full 7):
 def new generation   total 10368K, used 894K [0x03c00000, 0x04730000, 0x09150000)
  eden space 9280K,   0% used [0x03c00000, 0x03c00000, 0x04510000)
  from space 1088K,  82% used [0x04510000, 0x045efb30, 0x04620000)
  to   space 1088K,   0% used [0x04620000, 0x04620000, 0x04730000)
 tenured generation   total 22784K, used 14539K [0x09150000, 0x0a790000, 0x13c00000)
   the space 22784K,  63% used [0x09150000, 0x09f82f58, 0x09f83000, 0x0a790000)
 Metaspace       used 12176K, capacity 12537K, committed 12672K, reserved 12672K
}
Event: 44.889 GC heap before
{Heap before GC invocations=24 (full 7):
 def new generation   total 10368K, used 10174K [0x03c00000, 0x04730000, 0x09150000)
  eden space 9280K, 100% used [0x03c00000, 0x04510000, 0x04510000)
  from space 1088K,  82% used [0x04510000, 0x045efb30, 0x04620000)
  to   space 1088K,   0% used [0x04620000, 0x04620000, 0x04730000)
 tenured generation   total 22784K, used 14539K [0x09150000, 0x0a790000, 0x13c00000)
   the space 22784K,  63% used [0x09150000, 0x09f82f58, 0x09f83000, 0x0a790000)
 Metaspace       used 12176K, capacity 12537K, committed 12672K, reserved 12672K
Event: 44.892 GC heap after
Heap after GC invocations=25 (full 7):
 def new generation   total 10368K, used 894K [0x03c00000, 0x04730000, 0x09150000)
  eden space 9280K,   0% used [0x03c00000, 0x03c00000, 0x04510000)
  from space 1088K,  82% used [0x04620000, 0x046ff940, 0x04730000)
  to   space 1088K,   0% used [0x04510000, 0x04510000, 0x04620000)
 tenured generation   total 22784K, used 15393K [0x09150000, 0x0a790000, 0x13c00000)
   the space 22784K,  67% used [0x09150000, 0x0a058678, 0x0a058800, 0x0a790000)
 Metaspace       used 12176K, capacity 12537K, committed 12672K, reserved 12672K
}
Event: 44.918 GC heap before
{Heap before GC invocations=25 (full 7):
 def new generation   total 10368K, used 10174K [0x03c00000, 0x04730000, 0x09150000)
  eden space 9280K, 100% used [0x03c00000, 0x04510000, 0x04510000)
  from space 1088K,  82% used [0x04620000, 0x046ff940, 0x04730000)
  to   space 1088K,   0% used [0x04510000, 0x04510000, 0x04620000)
 tenured generation   total 22784K, used 15393K [0x09150000, 0x0a790000, 0x13c00000)
   the space 22784K,  67% used [0x09150000, 0x0a058678, 0x0a058800, 0x0a790000)
 Metaspace       used 12176K, capacity 12537K, committed 12672K, reserved 12672K
Event: 44.921 GC heap after
Heap after GC invocations=26 (full 7):
 def new generation   total 10368K, used 898K [0x03c00000, 0x04730000, 0x09150000)
  eden space 9280K,   0% used [0x03c00000, 0x03c00000, 0x04510000)
  from space 1088K,  82% used [0x04510000, 0x045f0860, 0x04620000)
  to   space 1088K,   0% used [0x04620000, 0x04620000, 0x04730000)
 tenured generation   total 22784K, used 16247K [0x09150000, 0x0a790000, 0x13c00000)
   the space 22784K,  71% used [0x09150000, 0x0a12dcd8, 0x0a12de00, 0x0a790000)
 Metaspace       used 12176K, capacity 12537K, committed 12672K, reserved 12672K
}
Event: 45.786 GC heap before
{Heap before GC invocations=26 (full 7):
 def new generation   total 10368K, used 4902K [0x03c00000, 0x04730000, 0x09150000)
  eden space 9280K,  43% used [0x03c00000, 0x03fe92a8, 0x04510000)
  from space 1088K,  82% used [0x04510000, 0x045f0860, 0x04620000)
  to   space 1088K,   0% used [0x04620000, 0x04620000, 0x04730000)
 tenured generation   total 22784K, used 16247K [0x09150000, 0x0a790000, 0x13c00000)
   the space 22784K,  71% used [0x09150000, 0x0a12dcd8, 0x0a12de00, 0x0a790000)
 Metaspace       used 12179K, capacity 12542K, committed 12672K, reserved 12672K
Event: 45.806 GC heap after
Heap after GC invocations=27 (full 8):
 def new generation   total 10368K, used 0K [0x03c00000, 0x04730000, 0x09150000)
  eden space 9280K,   0% used [0x03c00000, 0x03c00000, 0x04510000)
  from space 1088K,   0% used [0x04510000, 0x04510000, 0x04620000)
  to   space 1088K,   0% used [0x04620000, 0x04620000, 0x04730000)
 tenured generation   total 22784K, used 8198K [0x09150000, 0x0a790000, 0x13c00000)
   the space 22784K,  35% used [0x09150000, 0x09951b20, 0x09951c00, 0x0a790000)
 Metaspace       used 12179K, capacity 12542K, committed 12672K, reserved 12672K
}

