# JRE version: Java(TM) SE Runtime Environment (8.0_111-b14) (build 1.8.0_111-b14)
# Java VM: Java HotSpot(TM) Client VM (25.111-b14 mixed mode windows-x86 )
Heap:
 def new generation   total 12288K, used 763K [0x03e00000, 0x04b50000, 0x09350000)
  eden space 10944K,   6% used [0x03e00000, 0x03ebefd8, 0x048b0000)
  from space 1344K,   0% used [0x048b0000, 0x048b0000, 0x04a00000)
  to   space 1344K,   0% used [0x04a00000, 0x04a00000, 0x04b50000)
 tenured generation   total 27168K, used 10264K [0x09350000, 0x0add8000, 0x13e00000)
   the space 27168K,  37% used [0x09350000, 0x09d561f0, 0x09d56200, 0x0add8000)
 Metaspace       used 12342K, capacity 12722K, committed 13440K, reserved 13696K
GC Heap History (10 events):
Event: 1006.527 GC heap before
{Heap before GC invocations=57 (full 18):
 def new generation   total 12288K, used 11999K [0x03e00000, 0x04b50000, 0x09350000)
  eden space 10944K, 100% used [0x03e00000, 0x048b0000, 0x048b0000)
  from space 1344K,  78% used [0x048b0000, 0x049b7d78, 0x04a00000)
  to   space 1344K,   0% used [0x04a00000, 0x04a00000, 0x04b50000)
 tenured generation   total 27168K, used 12675K [0x09350000, 0x0add8000, 0x13e00000)
   the space 27168K,  46% used [0x09350000, 0x09fb0d58, 0x09fb0e00, 0x0add8000)
 Metaspace       used 12346K, capacity 12728K, committed 13440K, reserved 13696K
Event: 1006.530 GC heap after
Heap after GC invocations=58 (full 18):
 def new generation   total 12288K, used 1056K [0x03e00000, 0x04b50000, 0x09350000)
  eden space 10944K,   0% used [0x03e00000, 0x03e00000, 0x048b0000)
  from space 1344K,  78% used [0x04a00000, 0x04b082b8, 0x04b50000)
  to   space 1344K,   0% used [0x048b0000, 0x048b0000, 0x04a00000)
 tenured generation   total 27168K, used 13682K [0x09350000, 0x0add8000, 0x13e00000)
   the space 27168K,  50% used [0x09350000, 0x0a0aca40, 0x0a0acc00, 0x0add8000)
 Metaspace       used 12346K, capacity 12728K, committed 13440K, reserved 13696K
}
Event: 1006.561 GC heap before
{Heap before GC invocations=58 (full 18):
 def new generation   total 12288K, used 12000K [0x03e00000, 0x04b50000, 0x09350000)
  eden space 10944K, 100% used [0x03e00000, 0x048b0000, 0x048b0000)
  from space 1344K,  78% used [0x04a00000, 0x04b082b8, 0x04b50000)
  to   space 1344K,   0% used [0x048b0000, 0x048b0000, 0x04a00000)
 tenured generation   total 27168K, used 13682K [0x09350000, 0x0add8000, 0x13e00000)
   the space 27168K,  50% used [0x09350000, 0x0a0aca40, 0x0a0acc00, 0x0add8000)
 Metaspace       used 12346K, capacity 12728K, committed 13440K, reserved 13696K
Event: 1006.564 GC heap after
Heap after GC invocations=59 (full 18):
 def new generation   total 12288K, used 1058K [0x03e00000, 0x04b50000, 0x09350000)
  eden space 10944K,   0% used [0x03e00000, 0x03e00000, 0x048b0000)
  from space 1344K,  78% used [0x048b0000, 0x049b8ad0, 0x04a00000)
  to   space 1344K,   0% used [0x04a00000, 0x04a00000, 0x04b50000)
 tenured generation   total 27168K, used 14689K [0x09350000, 0x0add8000, 0x13e00000)
   the space 27168K,  54% used [0x09350000, 0x0a1a8728, 0x0a1a8800, 0x0add8000)
 Metaspace       used 12346K, capacity 12728K, committed 13440K, reserved 13696K
}
Event: 1006.594 GC heap before
{Heap before GC invocations=59 (full 18):
 def new generation   total 12288K, used 12002K [0x03e00000, 0x04b50000, 0x09350000)
  eden space 10944K, 100% used [0x03e00000, 0x048b0000, 0x048b0000)
  from space 1344K,  78% used [0x048b0000, 0x049b8ad0, 0x04a00000)
  to   space 1344K,   0% used [0x04a00000, 0x04a00000, 0x04b50000)
 tenured generation   total 27168K, used 14689K [0x09350000, 0x0add8000, 0x13e00000)
   the space 27168K,  54% used [0x09350000, 0x0a1a8728, 0x0a1a8800, 0x0add8000)
 Metaspace       used 12346K, capacity 12728K, committed 13440K, reserved 13696K
Event: 1006.597 GC heap after
Heap after GC invocations=60 (full 18):
 def new generation   total 12288K, used 1055K [0x03e00000, 0x04b50000, 0x09350000)
  eden space 10944K,   0% used [0x03e00000, 0x03e00000, 0x048b0000)
  from space 1344K,  78% used [0x04a00000, 0x04b07d80, 0x04b50000)
  to   space 1344K,   0% used [0x048b0000, 0x048b0000, 0x04a00000)
 tenured generation   total 27168K, used 15700K [0x09350000, 0x0add8000, 0x13e00000)
   the space 27168K,  57% used [0x09350000, 0x0a2a51b8, 0x0a2a5200, 0x0add8000)
 Metaspace       used 12346K, capacity 12728K, committed 13440K, reserved 13696K
}
Event: 1006.627 GC heap before
{Heap before GC invocations=60 (full 18):
 def new generation   total 12288K, used 11999K [0x03e00000, 0x04b50000, 0x09350000)
  eden space 10944K, 100% used [0x03e00000, 0x048b0000, 0x048b0000)
  from space 1344K,  78% used [0x04a00000, 0x04b07d80, 0x04b50000)
  to   space 1344K,   0% used [0x048b0000, 0x048b0000, 0x04a00000)
 tenured generation   total 27168K, used 15700K [0x09350000, 0x0add8000, 0x13e00000)
   the space 27168K,  57% used [0x09350000, 0x0a2a51b8, 0x0a2a5200, 0x0add8000)
 Metaspace       used 12346K, capacity 12728K, committed 13440K, reserved 13696K
Event: 1006.630 GC heap after
Heap after GC invocations=61 (full 18):
 def new generation   total 12288K, used 1061K [0x03e00000, 0x04b50000, 0x09350000)
  eden space 10944K,   0% used [0x03e00000, 0x03e00000, 0x048b0000)
  from space 1344K,  78% used [0x048b0000, 0x049b9538, 0x04a00000)
  to   space 1344K,   0% used [0x04a00000, 0x04a00000, 0x04b50000)
 tenured generation   total 27168K, used 16707K [0x09350000, 0x0add8000, 0x13e00000)
   the space 27168K,  61% used [0x09350000, 0x0a3a0ea0, 0x0a3a1000, 0x0add8000)
 Metaspace       used 12346K, capacity 12728K, committed 13440K, reserved 13696K
}
Event: 1007.153 GC heap before
{Heap before GC invocations=61 (full 18):
 def new generation   total 12288K, used 11168K [0x03e00000, 0x04b50000, 0x09350000)
  eden space 10944K,  92% used [0x03e00000, 0x047deda8, 0x048b0000)
  from space 1344K,  78% used [0x048b0000, 0x049b9538, 0x04a00000)
  to   space 1344K,   0% used [0x04a00000, 0x04a00000, 0x04b50000)
 tenured generation   total 27168K, used 16707K [0x09350000, 0x0add8000, 0x13e00000)
   the space 27168K,  61% used [0x09350000, 0x0a3a0ea0, 0x0a3a1000, 0x0add8000)
 Metaspace       used 12347K, capacity 12728K, committed 13440K, reserved 13696K
Event: 1007.173 GC heap after
Heap after GC invocations=62 (full 19):
 def new generation   total 12288K, used 0K [0x03e00000, 0x04b50000, 0x09350000)
  eden space 10944K,   0% used [0x03e00000, 0x03e00000, 0x048b0000)
  from space 1344K,   0% used [0x048b0000, 0x048b0000, 0x04a00000)
  to   space 1344K,   0% used [0x04a00000, 0x04a00000, 0x04b50000)
 tenured generation   total 27168K, used 10264K [0x09350000, 0x0add8000, 0x13e00000)
   the space 27168K,  37% used [0x09350000, 0x09d561f0, 0x09d56200, 0x0add8000)
 Metaspace       used 12342K, capacity 12722K, committed 13440K, reserved 13696K
}

