# JRE version: Java(TM) SE Runtime Environment (8.0_111-b14) (build 1.8.0_111-b14)
# Java VM: Java HotSpot(TM) Client VM (25.111-b14 mixed mode windows-x86 )
Heap:
 def new generation   total 8640K, used 3226K [0x03e00000, 0x04760000, 0x09350000)
  eden space 7680K,  42% used [0x03e00000, 0x041269f0, 0x04580000)
  from space 960K,   0% used [0x04580000, 0x04580000, 0x04670000)
  to   space 960K,   0% used [0x04670000, 0x04670000, 0x04760000)
 tenured generation   total 19080K, used 8145K [0x09350000, 0x0a5f2000, 0x13e00000)
   the space 19080K,  42% used [0x09350000, 0x09b44678, 0x09b44800, 0x0a5f2000)
 Metaspace       used 12133K, capacity 12488K, committed 12544K, reserved 12672K
GC Heap History (10 events):
Event: 1.826 GC heap before
{Heap before GC invocations=17 (full 3):
 def new generation   total 8640K, used 8422K [0x03e00000, 0x04760000, 0x09350000)
  eden space 7680K, 100% used [0x03e00000, 0x04580000, 0x04580000)
  from space 960K,  77% used [0x04580000, 0x04639af8, 0x04670000)
  to   space 960K,   0% used [0x04670000, 0x04670000, 0x04760000)
 tenured generation   total 19080K, used 13572K [0x09350000, 0x0a5f2000, 0x13e00000)
   the space 19080K,  71% used [0x09350000, 0x0a0913d0, 0x0a091400, 0x0a5f2000)
 Metaspace       used 11939K, capacity 12270K, committed 12288K, reserved 12672K
Event: 1.829 GC heap after
Heap after GC invocations=18 (full 3):
 def new generation   total 8640K, used 765K [0x03e00000, 0x04760000, 0x09350000)
  eden space 7680K,   0% used [0x03e00000, 0x03e00000, 0x04580000)
  from space 960K,  79% used [0x04670000, 0x0472f480, 0x04760000)
  to   space 960K,   0% used [0x04580000, 0x04580000, 0x04670000)
 tenured generation   total 19080K, used 14282K [0x09350000, 0x0a5f2000, 0x13e00000)
   the space 19080K,  74% used [0x09350000, 0x0a142810, 0x0a142a00, 0x0a5f2000)
 Metaspace       used 11939K, capacity 12270K, committed 12288K, reserved 12672K
}
Event: 1.850 GC heap before
{Heap before GC invocations=18 (full 3):
 def new generation   total 8640K, used 8445K [0x03e00000, 0x04760000, 0x09350000)
  eden space 7680K, 100% used [0x03e00000, 0x04580000, 0x04580000)
  from space 960K,  79% used [0x04670000, 0x0472f480, 0x04760000)
  to   space 960K,   0% used [0x04580000, 0x04580000, 0x04670000)
 tenured generation   total 19080K, used 14282K [0x09350000, 0x0a5f2000, 0x13e00000)
   the space 19080K,  74% used [0x09350000, 0x0a142810, 0x0a142a00, 0x0a5f2000)
 Metaspace       used 11939K, capacity 12270K, committed 12288K, reserved 12672K
Event: 1.852 GC heap after
Heap after GC invocations=19 (full 3):
 def new generation   total 8640K, used 746K [0x03e00000, 0x04760000, 0x09350000)
  eden space 7680K,   0% used [0x03e00000, 0x03e00000, 0x04580000)
  from space 960K,  77% used [0x04580000, 0x0463ab10, 0x04670000)
  to   space 960K,   0% used [0x04670000, 0x04670000, 0x04760000)
 tenured generation   total 19080K, used 15026K [0x09350000, 0x0a5f2000, 0x13e00000)
   the space 19080K,  78% used [0x09350000, 0x0a1fca00, 0x0a1fca00, 0x0a5f2000)
 Metaspace       used 11939K, capacity 12270K, committed 12288K, reserved 12672K
}
Event: 1.874 GC heap before
{Heap before GC invocations=19 (full 3):
 def new generation   total 8640K, used 8426K [0x03e00000, 0x04760000, 0x09350000)
  eden space 7680K, 100% used [0x03e00000, 0x04580000, 0x04580000)
  from space 960K,  77% used [0x04580000, 0x0463ab10, 0x04670000)
  to   space 960K,   0% used [0x04670000, 0x04670000, 0x04760000)
 tenured generation   total 19080K, used 15026K [0x09350000, 0x0a5f2000, 0x13e00000)
   the space 19080K,  78% used [0x09350000, 0x0a1fca00, 0x0a1fca00, 0x0a5f2000)
 Metaspace       used 11939K, capacity 12270K, committed 12288K, reserved 12672K
Event: 1.876 GC heap after
Heap after GC invocations=20 (full 3):
 def new generation   total 8640K, used 741K [0x03e00000, 0x04760000, 0x09350000)
  eden space 7680K,   0% used [0x03e00000, 0x03e00000, 0x04580000)
  from space 960K,  77% used [0x04670000, 0x04729468, 0x04760000)
  to   space 960K,   0% used [0x04580000, 0x04580000, 0x04670000)
 tenured generation   total 19080K, used 15736K [0x09350000, 0x0a5f2000, 0x13e00000)
   the space 19080K,  82% used [0x09350000, 0x0a2ae210, 0x0a2ae400, 0x0a5f2000)
 Metaspace       used 11939K, capacity 12270K, committed 12288K, reserved 12672K
}
Event: 1.898 GC heap before
{Heap before GC invocations=20 (full 3):
 def new generation   total 8640K, used 8421K [0x03e00000, 0x04760000, 0x09350000)
  eden space 7680K, 100% used [0x03e00000, 0x04580000, 0x04580000)
  from space 960K,  77% used [0x04670000, 0x04729468, 0x04760000)
  to   space 960K,   0% used [0x04580000, 0x04580000, 0x04670000)
 tenured generation   total 19080K, used 15736K [0x09350000, 0x0a5f2000, 0x13e00000)
   the space 19080K,  82% used [0x09350000, 0x0a2ae210, 0x0a2ae400, 0x0a5f2000)
 Metaspace       used 11939K, capacity 12270K, committed 12288K, reserved 12672K
Event: 1.900 GC heap after
Heap after GC invocations=21 (full 3):
 def new generation   total 8640K, used 740K [0x03e00000, 0x04760000, 0x09350000)
  eden space 7680K,   0% used [0x03e00000, 0x03e00000, 0x04580000)
  from space 960K,  77% used [0x04580000, 0x046391e0, 0x04670000)
  to   space 960K,   0% used [0x04670000, 0x04670000, 0x04760000)
 tenured generation   total 19080K, used 16443K [0x09350000, 0x0a5f2000, 0x13e00000)
   the space 19080K,  86% used [0x09350000, 0x0a35edf8, 0x0a35ee00, 0x0a5f2000)
 Metaspace       used 11939K, capacity 12270K, committed 12288K, reserved 12672K
}
Event: 2.563 GC heap before
{Heap before GC invocations=21 (full 3):
 def new generation   total 8640K, used 5822K [0x03e00000, 0x04760000, 0x09350000)
  eden space 7680K,  66% used [0x03e00000, 0x042f6740, 0x04580000)
  from space 960K,  77% used [0x04580000, 0x046391e0, 0x04670000)
  to   space 960K,   0% used [0x04670000, 0x04670000, 0x04760000)
 tenured generation   total 19080K, used 16443K [0x09350000, 0x0a5f2000, 0x13e00000)
   the space 19080K,  86% used [0x09350000, 0x0a35edf8, 0x0a35ee00, 0x0a5f2000)
 Metaspace       used 11946K, capacity 12277K, committed 12288K, reserved 12672K
Event: 2.583 GC heap after
Heap after GC invocations=22 (full 4):
 def new generation   total 8640K, used 0K [0x03e00000, 0x04760000, 0x09350000)
  eden space 7680K,   0% used [0x03e00000, 0x03e00000, 0x04580000)
  from space 960K,   0% used [0x04580000, 0x04580000, 0x04670000)
  to   space 960K,   0% used [0x04670000, 0x04670000, 0x04760000)
 tenured generation   total 19080K, used 8145K [0x09350000, 0x0a5f2000, 0x13e00000)
   the space 19080K,  42% used [0x09350000, 0x09b44678, 0x09b44800, 0x0a5f2000)
 Metaspace       used 11946K, capacity 12277K, committed 12288K, reserved 12672K
}

